2026-06-29 09:57:25 [AWT-EventQueue-0] INFO  Util - ----conectando ao banco de dados (pob)
2026-06-29 09:57:26 [AWT-EventQueue-0] WARN  pooling - HHH10001002: Using built-in connection pool (not intended for production use)
2026-06-29 09:57:28 [AWT-EventQueue-0] INFO  Util - -------- conectou banco de dados
2026-06-29 09:57:28 [AWT-EventQueue-0] DEBUG SQL - 
    select
        v1_0.id,
        v1_0.data,
        v1_0.destino,
        v1_0.motorista_cnh,
        v1_0.veiculo_placa 
    from
        viagem20251234567 v1_0
2026-06-29 09:57:28 [AWT-EventQueue-0] DEBUG SQL - 
    select
        v1_0.placa,
        v1_0.capacidade,
        lv1_0.veiculo_placa,
        lv1_0.id,
        lv1_0.data,
        lv1_0.destino,
        lv1_0.motorista_cnh 
    from
        veiculo20251234567 v1_0 
    left join
        viagem20251234567 lv1_0 
            on v1_0.placa=lv1_0.veiculo_placa 
    where
        v1_0.placa=?
2026-06-29 09:57:28 [AWT-EventQueue-0] TRACE bind - binding parameter (1:VARCHAR) <- [CDE-1234]
2026-06-29 09:57:28 [AWT-EventQueue-0] DEBUG SQL - 
    select
        v1_0.placa,
        v1_0.capacidade,
        lv1_0.veiculo_placa,
        lv1_0.id,
        lv1_0.data,
        lv1_0.destino,
        lv1_0.motorista_cnh 
    from
        veiculo20251234567 v1_0 
    left join
        viagem20251234567 lv1_0 
            on v1_0.placa=lv1_0.veiculo_placa 
    where
        v1_0.placa=?
2026-06-29 09:57:28 [AWT-EventQueue-0] TRACE bind - binding parameter (1:VARCHAR) <- [ABC-1234]
2026-06-29 09:57:28 [AWT-EventQueue-0] DEBUG SQL - 
    select
        v1_0.placa,
        v1_0.capacidade,
        lv1_0.veiculo_placa,
        lv1_0.id,
        lv1_0.data,
        lv1_0.destino,
        lv1_0.motorista_cnh 
    from
        veiculo20251234567 v1_0 
    left join
        viagem20251234567 lv1_0 
            on v1_0.placa=lv1_0.veiculo_placa 
    where
        v1_0.placa=?
2026-06-29 09:57:28 [AWT-EventQueue-0] TRACE bind - binding parameter (1:VARCHAR) <- [FGH-1234]
2026-06-29 09:57:28 [AWT-EventQueue-0] DEBUG SQL - 
    select
        v1_0.placa,
        v1_0.capacidade,
        lv1_0.veiculo_placa,
        lv1_0.id,
        lv1_0.data,
        lv1_0.destino,
        lv1_0.motorista_cnh 
    from
        veiculo20251234567 v1_0 
    left join
        viagem20251234567 lv1_0 
            on v1_0.placa=lv1_0.veiculo_placa 
    where
        v1_0.placa=?
2026-06-29 09:57:28 [AWT-EventQueue-0] TRACE bind - binding parameter (1:VARCHAR) <- [ABC-1233]
2026-06-29 09:57:28 [AWT-EventQueue-0] INFO  Util - -------- desconectou banco de dados
2026-06-29 09:57:30 [AWT-EventQueue-0] INFO  Util - ----conectando ao banco de dados (pob)
2026-06-29 09:57:30 [AWT-EventQueue-0] WARN  pooling - HHH10001002: Using built-in connection pool (not intended for production use)
2026-06-29 09:57:30 [AWT-EventQueue-0] INFO  Util - -------- conectou banco de dados
2026-06-29 09:57:30 [AWT-EventQueue-0] DEBUG SQL - 
    select
        v1_0.id,
        v1_0.data,
        v1_0.destino,
        m1_0.cnh,
        m1_0.foto,
        m1_0.nome,
        v1_0.veiculo_placa 
    from
        viagem20251234567 v1_0 
    join
        motorista20251234567 m1_0 
            on m1_0.cnh=v1_0.motorista_cnh 
    where
        v1_0.id=?
2026-06-29 09:57:30 [AWT-EventQueue-0] TRACE bind - binding parameter (1:INTEGER) <- [4]
2026-06-29 09:57:30 [AWT-EventQueue-0] DEBUG SQL - 
    select
        v1_0.placa,
        v1_0.capacidade,
        lv1_0.veiculo_placa,
        lv1_0.id,
        lv1_0.data,
        lv1_0.destino,
        lv1_0.motorista_cnh 
    from
        veiculo20251234567 v1_0 
    left join
        viagem20251234567 lv1_0 
            on v1_0.placa=lv1_0.veiculo_placa 
    where
        v1_0.placa=?
2026-06-29 09:57:30 [AWT-EventQueue-0] TRACE bind - binding parameter (1:VARCHAR) <- [ABC-1234]
2026-06-29 09:57:30 [AWT-EventQueue-0] DEBUG SQL - 
    select
        lv1_0.motorista_cnh,
        lv1_0.id,
        lv1_0.data,
        lv1_0.destino,
        v1_0.placa,
        v1_0.capacidade 
    from
        viagem20251234567 lv1_0 
    left join
        veiculo20251234567 v1_0 
            on v1_0.placa=lv1_0.veiculo_placa 
    where
        lv1_0.motorista_cnh=?
2026-06-29 09:57:30 [AWT-EventQueue-0] TRACE bind - binding parameter (1:VARCHAR) <- [222]
2026-06-29 09:57:30 [AWT-EventQueue-0] DEBUG SQL - 
    select
        lv1_0.veiculo_placa,
        lv1_0.id,
        lv1_0.data,
        lv1_0.destino,
        lv1_0.motorista_cnh 
    from
        viagem20251234567 lv1_0 
    where
        lv1_0.veiculo_placa=?
2026-06-29 09:57:30 [AWT-EventQueue-0] TRACE bind - binding parameter (1:VARCHAR) <- [FGH-1234]
2026-06-29 09:57:30 [AWT-EventQueue-0] DEBUG SQL - 
    select
        lv1_0.veiculo_placa,
        lv1_0.id,
        lv1_0.data,
        lv1_0.destino,
        lv1_0.motorista_cnh 
    from
        viagem20251234567 lv1_0 
    where
        lv1_0.veiculo_placa=?
2026-06-29 09:57:30 [AWT-EventQueue-0] TRACE bind - binding parameter (1:VARCHAR) <- [CDE-1234]
2026-06-29 09:57:30 [AWT-EventQueue-0] INFO  Util - -------- desconectou banco de dados
2026-06-29 09:57:31 [AWT-EventQueue-0] INFO  Util - ----conectando ao banco de dados (pob)
2026-06-29 09:57:31 [AWT-EventQueue-0] WARN  pooling - HHH10001002: Using built-in connection pool (not intended for production use)
2026-06-29 09:57:32 [AWT-EventQueue-0] INFO  Util - -------- conectou banco de dados
2026-06-29 09:57:32 [AWT-EventQueue-0] DEBUG SQL - 
    select
        m1_0.cnh,
        m1_0.foto,
        lv1_0.motorista_cnh,
        lv1_0.id,
        lv1_0.data,
        lv1_0.destino,
        lv1_0.veiculo_placa,
        m1_0.nome 
    from
        motorista20251234567 m1_0 
    left join
        viagem20251234567 lv1_0 
            on m1_0.cnh=lv1_0.motorista_cnh 
    where
        m1_0.cnh=?
2026-06-29 09:57:32 [AWT-EventQueue-0] TRACE bind - binding parameter (1:VARCHAR) <- [222]
2026-06-29 09:57:32 [AWT-EventQueue-0] DEBUG SQL - 
    select
        v1_0.placa,
        v1_0.capacidade,
        lv1_0.veiculo_placa,
        lv1_0.id,
        lv1_0.data,
        lv1_0.destino,
        lv1_0.motorista_cnh 
    from
        veiculo20251234567 v1_0 
    left join
        viagem20251234567 lv1_0 
            on v1_0.placa=lv1_0.veiculo_placa 
    where
        v1_0.placa=?
2026-06-29 09:57:32 [AWT-EventQueue-0] TRACE bind - binding parameter (1:VARCHAR) <- [CDE-1234]
2026-06-29 09:57:32 [AWT-EventQueue-0] DEBUG SQL - 
    select
        v1_0.placa,
        v1_0.capacidade,
        lv1_0.veiculo_placa,
        lv1_0.id,
        lv1_0.data,
        lv1_0.destino,
        lv1_0.motorista_cnh 
    from
        veiculo20251234567 v1_0 
    left join
        viagem20251234567 lv1_0 
            on v1_0.placa=lv1_0.veiculo_placa 
    where
        v1_0.placa=?
2026-06-29 09:57:32 [AWT-EventQueue-0] TRACE bind - binding parameter (1:VARCHAR) <- [ABC-1234]
2026-06-29 09:57:32 [AWT-EventQueue-0] DEBUG SQL - 
    select
        v1_0.placa,
        v1_0.capacidade,
        lv1_0.veiculo_placa,
        lv1_0.id,
        lv1_0.data,
        lv1_0.destino,
        lv1_0.motorista_cnh 
    from
        veiculo20251234567 v1_0 
    left join
        viagem20251234567 lv1_0 
            on v1_0.placa=lv1_0.veiculo_placa 
    where
        v1_0.placa=?
2026-06-29 09:57:32 [AWT-EventQueue-0] TRACE bind - binding parameter (1:VARCHAR) <- [FGH-1234]
2026-06-29 09:57:32 [AWT-EventQueue-0] DEBUG SQL - 
    update
        motorista20251234567 
    set
        foto=?,
        nome=? 
    where
        cnh=?
2026-06-29 09:57:32 [AWT-EventQueue-0] TRACE bind - binding parameter (1:VARBINARY) <- [[-1, -40, -1, -32, 0, 16, 74, 70, 73, 70, 0, 1, 2, 0, 0, 1, 0, 1, 0, 0, -1, -37, 0, 67, 0, 8, 6, 6, 7, 6, 5, 8, 7, 7, 7, 9, 9, 8, 10, 12, 20, 13, 12, 11, 11, 12, 25, 18, 19, 15, 20, 29, 26, 31, 30, 29, 26, 28, 28, 32, 36, 46, 39, 32, 34, 44, 35, 28, 28, 40, 55, 41, 44, 48, 49, 52, 52, 52, 31, 39, 57, 61, 56, 50, 60, 46, 51, 52, 50, -1, -37, 0, 67, 1, 9, 9, 9, 12, 11, 12, 24, 13, 13, 24, 50, 33, 28, 33, 50, 50, 50, 50, 50, 50, 50, 50, 50, 50, 50, 50, 50, 50, 50, 50, 50, 50, 50, 50, 50, 50, 50, 50, 50, 50, 50, 50, 50, 50, 50, 50, 50, 50, 50, 50, 50, 50, 50, 50, 50, 50, 50, 50, 50, 50, 50, 50, 50, 50, -1, -64, 0, 17, 8, 0, -54, 0, -6, 3, 1, 34, 0, 2, 17, 1, 3, 17, 1, -1, -60, 0, 31, 0, 0, 1, 5, 1, 1, 1, 1, 1, 1, 0, 0, 0, 0, 0, 0, 0, 0, 1, 2, 3, 4, 5, 6, 7, 8, 9, 10, 11, -1, -60, 0, -75, 16, 0, 2, 1, 3, 3, 2, 4, 3, 5, 5, 4, 4, 0, 0, 1, 125, 1, 2, 3, 0, 4, 17, 5, 18, 33, 49, 65, 6, 19, 81, 97, 7, 34, 113, 20, 50, -127, -111, -95, 8, 35, 66, -79, -63, 21, 82, -47, -16, 36, 51, 98, 114, -126, 9, 10, 22, 23, 24, 25, 26, 37, 38, 39, 40, 41, 42, 52, 53, 54, 55, 56, 57, 58, 67, 68, 69, 70, 71, 72, 73, 74, 83, 84, 85, 86, 87, 88, 89, 90, 99, 100, 101, 102, 103, 104, 105, 106, 115, 116, 117, 118, 119, 120, 121, 122, -125, -124, -123, -122, -121, -120, -119, -118, -110, -109, -108, -107, -106, -105, -104, -103, -102, -94, -93, -92, -91, -90, -89, -88, -87, -86, -78, -77, -76, -75, -74, -73, -72, -71, -70, -62, -61, -60, -59, -58, -57, -56, -55, -54, -46, -45, -44, -43, -42, -41, -40, -39, -38, -31, -30, -29, -28, -27, -26, -25, -24, -23, -22, -15, -14, -13, -12, -11, -10, -9, -8, -7, -6, -1, -60, 0, 31, 1, 0, 3, 1, 1, 1, 1, 1, 1, 1, 1, 1, 0, 0, 0, 0, 0, 0, 1, 2, 3, 4, 5, 6, 7, 8, 9, 10, 11, -1, -60, 0, -75, 17, 0, 2, 1, 2, 4, 4, 3, 4, 7, 5, 4, 4, 0, 1, 2, 119, 0, 1, 2, 3, 17, 4, 5, 33, 49, 6, 18, 65, 81, 7, 97, 113, 19, 34, 50, -127, 8, 20, 66, -111, -95, -79, -63, 9, 35, 51, 82, -16, 21, 98, 114, -47, 10, 22, 36, 52, -31, 37, -15, 23, 24, 25, 26, 38, 39, 40, 41, 42, 53, 54, 55, 56, 57, 58, 67, 68, 69, 70, 71, 72, 73, 74, 83, 84, 85, 86, 87, 88, 89, 90, 99, 100, 101, 102, 103, 104, 105, 106, 115, 116, 117, 118, 119, 120, 121, 122, -126, -125, -124, -123, -122, -121, -120, -119, -118, -110, -109, -108, -107, -106, -105, -104, -103, -102, -94, -93, -92, -91, -90, -89, -88, -87, -86, -78, -77, -76, -75, -74, -73, -72, -71, -70, -62, -61, -60, -59, -58, -57, -56, -55, -54, -46, -45, -44, -43, -42, -41, -40, -39, -38, -30, -29, -28, -27, -26, -25, -24, -23, -22, -14, -13, -12, -11, -10, -9, -8, -7, -6, -1, -38, 0, 12, 3, 1, 0, 2, 17, 3, 17, 0, 63, 0, -16, -36, -47, -102, 40, -96, 3, 53, -46, -8, 114, 77, -106, -114, -5, -1, 0, -27, -95, 95, -48, 87, 53, 91, 90, 68, -101, 45, 31, -2, -70, 31, -28, 41, 49, -93, 98, 75, 105, 94, 116, -39, -2, -87, -65, -15, -38, -97, 86, -97, -20, -42, 41, 18, 127, 118, -95, -126, -25, 102, -49, -98, -78, -75, -119, -97, -52, 77, -1, 0, 114, -71, -91, 79, -34, 93, -113, 66, -107, 117, -56, -45, -36, -109, 71, -123, -33, 123, -44, 58, -92, -17, -25, -20, 74, -71, -90, -34, 36, 54, -97, 115, -25, -84, -99, 64, -68, -45, -69, -46, -118, -68, -118, -108, -83, 77, 36, 90, -74, 47, -3, -6, -126, -15, 118, 79, 19, -1, 0, -75, 84, -128, -105, -8, 55, 84, -69, 110, 30, 68, 71, 70, -5, -43, 124, -74, 119, 51, 117, 57, -107, -84, 118, -42, -54, -17, 2, 108, -2, -19, 57, -83, -91, -86, -115, 113, 45, -74, -102, -113, 23, -16, -81, -35, -84, -65, -19, -71, 102, -5, -5, -110, -71, -108, 27, -43, 29, -50, -68, 99, -93, 53, 25, 63, 121, 88, -41, -120, -98, 123, -43, 91, -117, -41, -13, 62, 71, -107, 127, -32, 89, -88, 38, 105, 94, 63, -97, -26, -1, 0, 107, -97, -106, -73, -123, 54, -114, 42, -40, -107, 45, 18, 52, -83, 110, 98, -122, 63, -65, -4, 84, -53, -117, -17, -76, -17, -2, 20, 85, -37, -69, -69, 113, -59, 82, 22, -23, 12, 27, -33, -17, -15, -73, -15, -86, -52, 37, -7, -1, 0, -117, -5, -33, -81, -7, -4, 43, 101, 4, -114, 89, 84, 111, 66, -6, -54, -119, 3, -20, 125, -55, -3, -18, -101, -119, -90, -52, -5, 62, -29, -19, 77, -69, -103, -69, -32, -6, 10, -91, -75, -45, 124, 79, -9, -43, -66, -19, 89, -114, -49, -2, 94, 37, 117, -34, -33, -62, -40, 63, -98, 106, -120, 33, 89, 29, -1, 0, 117, 110, -116, -37, -66, -17, 95, -102, -90, 88, -35, 35, -3, -22, 109, -1, 0, 63, 90, -80, 11, -90, -51, -119, 46, -1, 0, -17, 127, -121, -21, 76, -112, -17, -113, -25, 69, -33, -2, 127, 90, 0, -121, -52, -39, -9, 29, -73, -81, -34, -2, -104, -83, -83, 19, -59, 119, 122, 84, -119, -65, -9, -15, 127, 18, -73, 95, -64, -1, 0, -115, 98, -55, 104, -119, 30, -1, 0, -69, -2, -46, -1, 0, -98, -108, -58, -34, -111, -4, -24, -83, -2, -41, 31, -52, 84, -54, 10, 74, -52, -72, -50, 81, 119, 71, -92, 73, -29, 109, 62, -13, -3, 86, -27, 118, -2, 22, -30, -86, -55, 117, -25, 70, -18, -107, -26, -7, 127, -66, -107, -81, -91, -21, 79, 15, -18, -91, -7, -94, 111, -51, 107, -99, -48, 75, 99, -90, 56, -74, -12, -112, -37, -115, -17, -87, 63, -49, 91, -66, 26, -101, -17, -91, 98, 56, -33, 119, -67, 63, -118, -76, 52, 70, -39, 59, -42, -110, -8, 72, -121, -57, 115, -80, -116, 82, 103, 100, -108, -47, 46, -56, -22, 55, 59, -21, -119, 30, -95, -117, -29, -87, 119, -23, 54, 91, 63, -25, -73, -2, -54, 107, -123, -51, 118, 94, 50, -117, 102, -101, 107, -1, 0, 93, -65, -10, 83, 92, 109, 122, 20, 62, 3, -55, -58, 127, 21, -4, -125, 52, 102, -118, 43, 83, -108, 40, -94, -118, 0, 43, 87, 78, 109, -106, -113, -2, -15, -2, 66, -78, -86, -19, -93, 126, -31, -1, 0, -34, -1, 0, 10, 76, 104, -47, -106, 95, -11, 85, 114, -19, -109, -53, -117, 122, 110, 70, -2, -11, 100, 9, 55, -56, -107, 102, -14, 111, -72, -107, 5, 35, -91, -45, -31, -76, -102, 4, -7, 22, -84, -75, -107, -93, -1, 0, 2, -41, 45, 9, -105, -56, 125, -101, -65, -34, -84, -58, -65, -69, 73, 63, -41, 53, 96, -24, -69, -24, -49, 66, 24, -107, 101, 116, 119, 98, -58, -47, 63, -127, 105, 90, -34, -33, -3, -102, -32, -65, -75, 110, -1, 0, -25, -85, 81, -3, -87, 118, -1, 0, -14, -43, -86, 61, -116, -69, -105, -11, -120, 118, 59, 107, -51, -119, 99, 47, -5, 43, 92, 60, -46, -54, -1, 0, -20, -1, 0, -77, 82, 27, -21, -119, -93, 116, 121, 90, -86, 18, -11, -83, 56, 114, -100, -72, -102, -86, 109, 88, -77, 20, 41, -27, -1, 0, -83, -38, -1, 0, -19, 116, 106, -78, -33, -71, -113, -25, 125, -5, -66, 86, 101, -25, 110, 123, 103, -16, -86, 0, -1, 0, 7, -7, -4, 42, 96, 93, -28, -39, -77, -17, 125, -27, -2, -75, -87, -52, 58, -30, 71, 125, -111, 35, -18, 79, -9, 113, -69, -41, -15, -19, -8, 10, 22, 100, 73, 29, 19, -18, 115, -73, 119, -16, -11, -4, -22, -38, -23, 114, -51, -13, -90, -27, -2, 31, 47, -102, -65, 109, -31, -69, -119, -74, 38, -51, -65, -60, -37, -67, 61, -3, 122, -46, 115, 72, -91, 77, -77, 29, 66, 39, -50, -98, -34, -25, -4, -15, 83, 68, 55, -55, -65, 100, -83, -2, -44, -115, -57, -79, -58, 43, -96, -113, -62, -73, 115, 71, -14, 66, -51, 81, 55, -121, 47, -83, -92, -5, -110, -1, 0, -33, 53, 62, -42, 61, -54, -10, 50, -20, 100, -105, 116, -5, -97, -9, -46, -82, 59, -10, -88, 88, -2, -1, 0, -9, -69, -73, -1, 0, 119, -66, 107, 120, -8, 86, -6, -25, -25, -40, -33, -34, -7, -72, -88, 63, -31, 22, -69, 79, -65, -1, 0, -95, 83, -10, -120, 61, -108, -69, 25, 18, 74, -113, 26, 68, -1, 0, 47, -22, 91, -45, -4, 41, -126, -43, 31, -18, 62, -41, -3, 27, -73, 62, -107, 121, -76, -124, -121, -17, -66, -22, -120, -83, -70, 124, -120, -1, 0, 63, -5, 88, -1, 0, 63, -83, 85, -18, 75, -117, 69, 36, -73, 116, -13, 126, 79, -111, 126, -14, -43, 112, -97, -58, -107, 124, 74, -98, 102, -3, -1, 0, -67, -1, 0, 107, -81, -46, -86, -50, 19, -17, -20, -1, 0, -127, 47, -14, -96, -110, -51, -107, -58, -7, -47, 31, -2, -6, -83, 93, 43, -2, 63, -85, -101, 45, -9, 29, 62, 90, -24, 52, 121, 119, -50, -101, 62, -3, 76, -74, 53, -90, -11, 72, -19, -68, -121, 120, -45, 125, 53, 96, -88, -46, -26, 95, 45, 55, -44, -117, 112, -97, -57, 92, 7, -81, 22, -19, -87, -51, -8, -33, -2, 65, -74, -65, -11, -37, -1, 0, 101, 53, -60, -41, 111, -29, -122, 71, -45, 109, 118, 63, -4, -74, -1, 0, -39, 77, 113, 21, -33, 67, -32, 60, -100, 95, -15, 24, 81, 69, 21, -79, -52, 20, 81, 69, 0, 21, 98, 3, -5, -70, -81, 82, 70, 105, 49, -94, -35, -73, -49, 37, 36, -45, 126, -2, -120, -49, -18, -35, -22, 24, -41, 127, -49, 80, 89, -83, 21, -25, -6, 38, -54, -94, -69, 41, 27, -28, -113, 98, 84, 30, 111, -16, 85, 12, -106, 67, 10, 127, -53, 42, -121, -51, -121, -5, -108, -31, 81, -76, 63, -68, -7, 41, 88, -91, 54, 72, -59, 60, -65, -110, -84, 65, 105, -4, 14, -101, -35, -65, -121, -5, -66, -12, -106, -42, -49, -1, 0, -113, 126, -66, -43, -82, -106, -82, -14, 121, 81, 63, -49, -3, -38, 54, 22, -20, -91, 101, -92, 61, -52, -5, 18, -69, -83, 31, -62, 72, -101, 30, 84, 95, -9, -69, -43, -67, 11, 73, 75, 104, -45, -5, -11, -43, -37, 67, 92, 53, 113, 29, 17, -33, 71, 12, -83, 118, 87, -76, -47, -83, 33, -7, -46, 37, -1, 0, -66, 106, -22, -40, 35, -57, -2, -85, -4, 106, -4, 86, -33, 114, -81, -57, 23, -16, 108, -82, 107, -73, -71, -43, 100, -111, -102, -80, 39, -103, -9, 41, -77, 66, -97, -36, -83, 127, -77, -46, 45, -98, -6, 86, 98, -26, 70, 39, -39, -73, -57, 89, -41, -102, 44, 79, -13, -70, 51, 127, -67, -46, -70, -45, 101, 85, -90, -73, -39, 85, 118, -123, -93, 60, -29, 82, -48, -111, -1, 0, -27, -106, -33, -10, -105, -6, -98, -75, -51, 94, 104, 82, -1, 0, -86, -107, 27, 103, -16, -78, -88, 63, -97, 122, -11, -87, 85, 19, -17, -94, -42, 76, -10, -15, 127, 2, 125, -17, -54, -76, -115, 118, -116, -91, 65, 51, -57, 47, 116, -73, -77, -2, 13, -33, -53, -4, 69, 82, -13, -74, 71, -14, 63, -4, 6, -67, 71, 87, -80, -117, -56, 116, 68, -1, 0, 31, -50, -68, -38, -2, -43, 18, -7, -10, 124, -65, -20, -75, 118, -45, -97, 50, 56, 43, 83, -27, 101, 3, -13, -55, 86, 108, -26, 123, 9, -46, 84, -107, 126, -11, 68, -15, 126, -17, 127, -9, -66, -19, 71, -14, 38, -51, -1, 0, 50, 55, -9, 122, -42, -122, 40, -12, -115, 56, -66, -91, 98, -105, 9, -9, 26, -83, 27, 55, -2, -27, 115, 126, 16, -65, -14, 103, 123, 87, 127, -109, 110, -27, 86, -11, -17, 93, -62, 93, -38, 127, 28, -85, 92, 51, -117, -116, -76, 61, 106, 53, 84, -95, 118, 112, 126, 51, -73, -106, 27, 11, 109, -23, -14, 121, -33, -5, 41, -82, 54, -67, 19, -30, 36, -47, 77, -92, -39, -7, 47, -69, -3, 32, -1, 0, -24, 6, -68, -18, -69, 104, 124, 26, -98, 126, 46, -34, -47, -40, 40, -94, -118, -44, -26, 10, 40, -94, -128, 10, -67, 107, 103, -10, -101, 71, 116, -5, -5, -74, -2, -126, -88, -42, -115, -125, 126, -31, -10, 127, 123, -6, 10, 79, 98, -93, -71, 89, -61, -89, -56, -12, -98, 102, -56, -22, -27, -56, -13, -85, 61, -123, 65, 76, -108, -56, -1, 0, -8, -19, 44, 43, -3, -6, 69, 127, -35, -46, 91, 31, -34, 85, 8, -100, 54, -56, -35, -23, -111, 124, -14, 111, -87, -99, 81, -2, -1, 0, -53, 73, 14, -49, 51, -3, -113, -67, -7, 127, -111, 64, 34, -34, -98, -113, -25, -17, -1, 0, -66, 107, -87, -48, 108, 127, -46, -34, -29, 103, -5, 63, -29, 92, -19, -108, -120, -106, 47, -14, 47, -102, -40, -38, -33, -35, -11, -82, -41, 66, -113, 101, -94, 86, 21, -27, 104, -99, 24, 104, -34, 71, 71, 104, -75, -48, -38, 71, -9, 43, 26, -43, 127, 119, 91, 118, 66, -68, -43, -71, -22, 61, -115, 72, -111, 18, -83, 68, -69, -22, 5, 31, 114, -84, -57, -9, 43, 116, -116, 100, -55, 68, 105, 82, 36, 105, 81, -119, 118, 82, -84, -11, 74, -58, 45, 50, -61, 66, -107, -101, 117, 21, 92, 23, 15, 85, 46, 31, 125, 41, -38, -61, -123, -45, 48, -82, -94, -84, -117, -120, -1, 0, -114, -73, -18, 5, 100, -35, 46, -6, -26, 103, 90, 103, 57, -86, -115, -16, 61, 121, -66, -87, 11, -91, -33, -50, -1, 0, 35, 127, 21, 122, 94, -96, 127, 119, -13, -1, 0, -64, 107, -119, -44, -84, -9, -56, -23, -4, 31, 123, -3, -38, -18, -61, 104, -114, 28, 74, -71, -54, -72, 119, -109, 103, -16, 125, -33, -54, -95, 104, 127, 119, -69, -8, 57, -1, 0, -128, -42, -108, -112, -65, -56, -119, -1, 0, 2, -4, 120, -26, -86, -89, -18, 127, -38, 69, 109, -83, 93, 71, 17, 28, 18, -70, 125, -57, -7, -41, -27, -35, -3, -31, 82, -117, -69, -65, 51, -17, -75, 48, -99, -101, -45, -3, -81, -107, -67, -85, 106, -50, -55, 30, 61, -11, 50, 105, 110, 93, 36, -34, -120, -59, -66, -98, -30, 104, 19, -51, 125, -55, -69, -27, -4, -86, -123, 111, -21, -16, 121, 54, -111, 127, -41, 79, -24, 107, 2, -82, 14, -24, -118, -87, -87, 89, -123, 20, 81, 86, 102, 20, 81, 69, 0, 21, 60, 18, -70, 71, -14, 84, 21, 36, 102, -109, 26, 47, 44, -56, -15, -1, 0, -73, 80, -51, 26, 121, 123, -23, -110, 15, -71, 79, 111, -18, 127, 122, -96, -78, -111, 111, -71, 87, -96, 116, -122, 7, 119, -5, -19, 85, -90, -123, -45, 101, 67, -102, -95, 22, 124, -41, 122, -98, 47, -11, 123, 42, -70, 31, -32, -1, 0, -66, -86, -60, 39, 124, -23, -3, -51, -75, 35, 52, 45, -66, 127, 42, 36, -5, -20, -33, -45, -102, -12, 45, 18, 31, -72, -97, -20, -41, 1, -94, 47, -99, -87, 39, -5, 63, 53, 119, -102, 118, -69, 99, 109, 39, -107, -65, 115, -1, 0, 19, 47, 74, -62, -78, 114, -48, -22, -61, -75, 21, 118, 118, 86, -74, -11, -71, 109, 109, 92, 117, -65, -117, -12, -60, -109, -25, -107, 127, -34, -82, -122, -61, -60, 22, -105, 63, -22, -97, 119, -7, -2, 117, -51, -20, -102, 58, -67, -83, -10, 55, -106, 47, -71, 78, 97, 78, -73, -69, -118, 109, -107, 119, -56, 71, -7, -22, -108, 95, 66, 28, -83, -71, -98, -95, -22, 116, -126, -97, 36, -74, -10, -33, 60, -81, -1, 0, -40, -42, 117, -33, -118, -76, -5, 61, -113, 43, -19, -35, -3, -34, 127, 74, -91, 14, -28, -71, -105, 37, -7, 63, -126, -88, -53, 37, 83, 62, 48, -45, 47, 55, -7, 82, -85, 127, -97, 74, -51, -67, -15, 21, -92, 49, -17, -33, -14, 127, 122, -108, -87, 62, -125, -116, -41, 82, -12, -19, 89, -46, 124, -11, 82, 45, 126, -34, -14, 79, -66, -76, -10, 125, -97, -18, 86, 18, -90, -45, -44, -23, -116, -109, 50, 53, -72, 95, -56, -13, 83, -8, 107, -116, -71, -72, 71, -7, -45, -34, -69, -37, -96, -109, 71, -78, -72, 77, 114, -59, -20, 39, -13, 83, -2, 61, -37, -7, -5, -2, 117, -75, 9, 116, 57, -21, -57, -87, -103, 60, 59, -1, 0, -32, 95, 47, -73, -41, -4, -6, -42, 91, -113, 38, 119, -2, 36, -1, 0, 63, -50, -76, -42, 125, -16, 127, -70, -37, -65, 1, -1, 0, -41, -86, 108, 37, 121, 30, 47, -105, 123, 54, -33, 111, 90, -18, 60, -10, 103, 74, 119, -57, -2, 126, -75, -45, -23, 55, 86, -1, 0, 100, -119, 63, -113, 109, 115, 115, 71, -5, -65, -53, -12, -90, 34, -54, -107, 19, -113, 50, 46, -108, -7, 93, -51, -65, 21, -108, 123, 27, 125, -97, -13, -45, -6, 26, -27, 106, -3, -11, -61, -51, 2, 35, -1, 0, 11, 127, 67, 84, 42, -23, -57, -106, 54, 38, -68, -71, -91, 112, -94, -118, 43, 67, 16, -94, -118, 40, 0, -89, -95, -90, 84, -111, -46, 99, 67, -92, 63, 114, -100, 100, -5, -108, -55, 14, -7, 42, 37, 63, -69, 122, 69, 26, 64, 37, -52, 123, 54, 85, 57, 45, -68, -103, 62, 122, -75, 101, 38, -49, -98, -110, -31, -109, -8, -2, 103, -96, 10, -60, -2, -17, 98, 83, -94, 111, -65, 77, 99, -66, -120, -59, 2, 70, -107, -128, -105, -53, -14, -94, -5, -14, -74, -33, -62, -69, 77, 43, -64, -49, 115, 2, 63, -37, -103, 119, 125, -19, -85, -9, 107, 11, 72, -117, -55, -79, -73, -107, 62, -5, 72, 107, -87, 62, 36, 75, 15, -35, 121, -86, -69, 126, -13, 127, -128, -17, 92, -13, -108, -81, 100, 117, -45, -124, 109, 121, 11, 39, -61, 73, 109, -92, 73, 109, 46, -38, 87, 95, -31, -109, -111, 81, 91, -40, -22, 26, 60, -23, -66, 45, -87, -4, 76, -67, 61, -120, -12, -89, 75, -29, 59, -69, 107, -72, -83, -34, -46, -23, -68, -4, 109, -13, 24, 66, 24, 30, 1, -25, -18, -113, 115, 87, -76, -3, 86, 93, 98, 9, 101, -117, -49, 95, 43, 11, 34, -52, -95, -109, -97, 71, 94, -36, 117, -91, -17, -37, 82, -46, -123, -12, 58, -83, 35, 86, 79, 45, 19, -51, -36, -1, 0, -25, -89, -21, 93, 117, -92, -5, -32, -39, -66, -68, -87, 55, -37, 106, 81, 111, 77, -69, -79, -71, 127, -61, -42, -67, 63, 76, 109, -106, 63, -16, 26, -25, -65, -68, 110, -41, -70, 80, -42, 37, 127, 45, 62, 127, -97, 119, -52, -66, -35, 43, -116, -44, 108, -98, -26, 73, 93, 55, 111, 101, 9, -8, 14, -61, -45, 61, -21, -86, -44, -26, -33, 35, -41, 59, 121, 121, 45, -73, -6, -92, -1, 0, -74, -116, -72, 10, 61, 125, -22, 21, 71, 125, 10, -10, 73, -83, 76, 40, -4, 33, -87, -33, -50, -17, 44, -86, -87, -8, -125, -8, 122, 15, -91, 105, -37, -4, 62, -105, -56, -39, 113, 118, -33, 119, -27, -37, -17, -22, 106, -75, -18, -75, -88, 88, 105, 63, -38, 73, 21, -44, -74, -5, -74, 121, -54, -86, -85, -109, -45, 25, -28, -43, 120, 62, 34, -1, 0, -86, 73, 82, 120, -73, 40, 101, 109, -55, 40, -9, -50, 57, 31, 67, -51, 116, -89, 82, -57, 51, 84, -45, -80, 93, 120, 66, 91, 63, -98, -35, -2, -17, -35, 102, 98, 15, -12, 31, -83, 71, 103, 113, -88, 88, 73, -78, -19, 55, 69, -8, -4, -66, -92, 26, -38, -73, -15, 92, 83, 124, -17, -75, -94, 111, -105, -50, -113, -97, -52, 117, 21, 110, 72, 45, -17, -29, -34, -101, 89, 27, -8, -106, -77, -108, -34, -46, 54, -116, 18, -42, 37, 61, -56, -15, -17, 79, -103, 42, -98, -95, 102, -105, -10, -110, -60, -1, 0, -59, -4, -5, 85, -28, -77, 123, 63, -35, 63, -36, -2, 26, -84, -19, -78, 55, -84, 118, 122, 27, 111, 29, 79, 61, 17, 61, -100, -17, 110, -24, -65, 123, 111, -29, 77, 44, -98, 98, 108, 79, 86, -4, -51, 94, -41, 36, -1, 0, 79, -33, 84, 68, -69, 62, 116, 79, -31, -37, -14, -6, -32, 87, -93, 23, 116, 121, 83, 90, -40, -53, -108, 39, -55, -65, -18, 110, -5, -65, -83, 56, -104, -97, -18, 61, 105, 77, -31, -51, 90, -26, -46, 91, -81, -77, -1, 0, -75, -17, 92, -58, 104, -47, -20, 22, 113, -35, 23, 111, -29, 68, -76, 71, 71, -36, -5, -65, -95, -84, -22, 123, -97, -35, -45, 43, 72, -20, 101, 55, 118, 20, 81, 69, 81, 33, 69, 20, 80, 1, 86, 45, -1, 0, -43, -43, 122, -107, 15, -18, -23, 49, -95, 23, -3, 101, 2, 26, 42, 125, -69, 35, -92, 80, -8, 126, 72, -22, 50, -69, -2, 119, -89, 47, -55, 77, 63, -19, -48, 2, 98, -91, 84, -3, -37, -65, -7, -21, 81, -125, 82, 9, 63, 119, 67, 18, 59, -67, 14, -37, 126, -109, 111, -14, 110, -7, 75, 110, -6, -13, 73, 107, -95, -60, -9, 111, 113, 118, -101, -99, -101, -27, -35, -54, -81, -46, -76, 52, 53, -39, 105, 110, -113, -9, 21, 66, -2, -126, -70, -76, -74, -33, 30, -49, 41, 107, -122, 115, -77, 103, -87, 74, -99, -30, -116, 115, -95, 90, 94, 78, -110, -22, 23, 30, 126, -33, -107, 124, -49, -31, 3, -73, -13, -83, -40, -20, -12, -5, 104, 37, 75, 23, -106, 8, -91, -1, 0, 89, -27, -79, 80, -3, -114, 113, -127, -8, 98, -110, 61, 61, 63, -25, -110, -44, 122, -116, -2, 76, 123, 42, 61, -85, 53, -10, 10, -26, 108, 112, -93, -22, 81, 69, 22, -17, 42, 47, -69, -26, 54, 78, 127, -91, 119, 48, -17, 75, 77, -101, -21, -116, -47, -93, 119, -69, -33, -2, 125, -21, -83, 121, 54, 71, -78, -96, -47, 45, 12, -5, -88, -99, -9, -67, 68, -15, 60, -48, 111, -40, -34, 106, -82, -35, -54, -60, 30, -3, 63, 51, 90, -87, -78, 104, -10, -44, -106, -79, -1, 0, 3, -89, -4, 10, -94, 26, 49, -51, 93, 28, -93, -23, -47, 92, -38, 125, -106, -30, 89, -46, -33, 112, 102, -115, -104, -19, -29, -37, -89, 106, 84, -16, -74, -119, 14, -55, 81, -30, -13, 87, 31, 117, 64, -25, -41, -81, 39, -34, -70, -39, 45, 127, -72, -107, 16, -74, 79, -7, -28, -65, -9, -51, 111, -50, -47, -50, -23, -90, -18, 113, -46, 120, 71, 71, -102, 125, -10, -23, -27, 63, -9, -107, -118, -18, -6, -114, -11, 122, 13, 51, -20, 31, 38, -3, -55, -6, -2, 98, -70, 113, 6, -56, -2, -25, -13, -86, -45, -60, -107, -100, -82, -9, 52, 73, 45, -116, 75, -109, -5, -115, -107, -117, 63, -6, -70, -37, -69, -117, 101, 97, 74, -37, 55, -91, 36, 51, -117, -41, -66, 121, -45, -5, -1, 0, -25, 21, -40, -8, 103, 69, -119, -20, 98, 68, -117, 117, -60, -85, -67, -103, -65, -124, 14, 115, -4, -85, -102, -43, -95, 79, -19, 40, -65, -38, 97, -71, 125, -77, -42, -67, 23, -61, 33, 18, 61, -5, 25, 95, 110, -40, -37, -77, 47, 124, 126, 56, -4, -85, 121, -53, -35, 71, 45, 56, -5, -51, -107, -93, -46, -66, -45, 61, -62, 59, -73, -101, 2, -115, -69, 88, -128, -68, -1, 0, 119, -91, 121, 71, -118, -76, -60, -77, -15, 126, -95, 107, 23, -54, -98, 102, -19, -65, 80, 9, -2, 117, -19, -111, 43, -37, 107, 50, -1, 0, 114, 120, 127, -12, 19, -1, 0, -41, -81, 9, -15, 118, -91, -10, -97, 25, 106, 87, 17, 63, -55, -25, 109, -1, 0, -66, 64, 83, -6, -125, 87, 71, 93, -121, -118, -78, 74, -3, -52, -5, -53, 95, -77, 64, -113, -3, -26, -86, 85, 98, 123, -89, -71, -115, 17, -1, 0, -122, -85, -41, 92, 118, -44, -13, 102, -43, -12, 10, 40, -94, -88, -112, -94, -118, 40, 0, -87, 35, -88, -22, 72, -59, 38, 8, -111, 7, -17, 42, 109, -33, -33, -88, -59, 57, -58, -54, 67, 24, 27, 101, 43, 29, -14, 83, 8, -89, 80, 0, -86, -17, 38, -60, -83, 73, -19, 62, -51, -78, 47, -10, 127, 94, -75, 38, -113, 97, -1, 0, 45, 95, -3, -22, -73, -87, 52, 73, 28, 95, -33, 111, -30, -88, 111, 83, 85, 29, 46, 122, 6, -125, 101, -65, 103, -9, 56, -82, -63, 32, 68, -115, 62, 74, -25, 60, 63, 34, 121, 9, -2, -24, -82, -78, -43, -111, 43, -127, -22, -49, 90, -106, -111, 31, -10, 55, 120, -1, 0, -40, -82, 103, -60, 10, -119, 34, 68, -97, 127, -8, -101, -21, -38, -70, 89, -11, 15, -35, -70, 37, 121, -18, -79, -82, -59, 103, 119, 47, -38, 55, 43, -7, -37, -107, -74, -100, 99, -114, -2, -108, -20, -98, -63, -52, -42, -25, 91, -93, 89, 125, -51, -119, 90, 55, -85, -77, -28, -86, 58, 14, -73, 19, -64, -110, -37, -70, -4, -54, 63, -56, -85, -70, -90, -69, 111, 14, -23, 101, 120, -105, -5, -35, 0, -91, -54, -102, -13, 26, -109, -65, -111, -100, -83, 42, 73, -14, 39, -55, 90, 118, 90, -102, 60, -101, 37, 77, -81, 85, 34, -15, 30, -114, -16, 124, -113, 19, 63, -5, -40, -86, -80, -35, -59, 127, -87, 68, -106, -1, 0, 113, 91, 115, 127, -78, 42, 121, 90, 101, -35, 73, 29, 74, 52, 79, -9, 30, -84, 45, -90, -1, 0, -99, 62, 106, -59, -70, -119, -31, -1, 0, 72, -123, -2, 79, -30, 90, -48, -45, 53, 95, -35, -91, 107, 27, 94, -52, -58, 87, -75, -30, 90, -72, -121, 100, 117, -117, 112, 127, -126, -75, -18, -82, 17, -2, 122, -61, -68, -101, -9, -113, 81, 54, -82, 16, -67, -116, -69, -63, -2, -35, 115, 23, -25, -3, 45, -21, 126, -6, 127, -35, -41, 43, 123, 46, -7, 29, -1, 0, -49, -91, 76, 74, -109, -48, -95, 44, 31, 111, -41, 82, 36, -10, -81, 86, -45, -32, 75, 61, 10, -34, 39, -37, -66, 5, -38, -83, -33, 7, -44, 87, -99, -8, 122, 20, -2, -42, -13, 95, -18, 68, -69, -101, -16, -82, -25, -5, 69, -18, 96, 119, -14, -102, 11, 126, 55, 51, 117, -64, -12, 21, -92, -116, 96, -122, -21, -105, 41, 109, 36, 87, 95, -35, -122, 77, -33, -126, -41, -51, 114, 55, -99, 60, -78, -1, 0, -49, 70, 39, -13, 57, -81, 97, -8, -113, -84, 125, -101, 73, -40, -97, 47, -98, -66, 84, 126, -84, 58, -77, 125, 48, 0, -4, 107, -57, 69, 109, -122, 79, -106, -20, -25, -59, -55, 93, 36, 20, 82, -102, 74, -21, 71, 19, 10, 40, -94, -104, -126, -118, 40, -96, 2, -89, -123, 127, 119, 80, 85, -120, 63, -43, -46, 96, 74, 22, -122, -7, -29, -1, 0, 110, -98, 21, -23, 11, 108, -7, 63, -15, -22, 67, 34, 2, -83, 105, -10, 79, 121, 63, -3, 50, 95, -103, -102, -106, -38, -43, -17, -25, 72, -109, -2, 4, -43, -83, 53, -19, -67, -122, -53, 43, 68, -36, -117, -13, 72, -33, -34, 52, -101, 52, -116, 111, -85, 44, -113, -110, 15, -18, -43, 91, -117, 36, -102, 7, -105, -51, -7, -41, -8, 105, 100, -70, -106, -13, -8, 54, -1, 0, 117, 104, -110, -38, 91, 59, 79, -76, 92, 110, 84, 111, -70, -65, -34, -87, 72, -87, 52, 118, -66, 22, -67, -33, 4, 73, -2, -56, -2, 85, -42, 53, -9, -17, 18, 45, -22, -69, -105, 115, 125, 43, -50, 60, 55, 115, -78, -46, -46, 95, -32, -5, -83, 93, 126, -92, -82, -98, 85, -62, 125, -58, -113, -26, -6, -114, 107, -118, 107, -34, 59, -24, -53, -35, 47, 94, -22, 8, -111, -20, 71, -5, -75, -125, 53, -54, 60, -101, 62, 86, -1, 0, 101, -105, 60, 84, 45, 58, 63, -33, -105, -28, -1, 0, 61, 42, 88, 38, -76, -33, -67, -2, 111, -102, -99, -84, 82, -109, 101, 123, 61, 42, -18, 25, -9, -23, -9, 11, 2, 51, 124, -47, -78, -110, -100, -9, 28, -16, 107, 126, -46, 47, 38, -19, 30, -5, -54, -106, 85, -58, -42, -28, -19, -6, 3, -48, -46, 90, -35, 68, -97, -14, -57, -28, -83, 8, 22, -46, -26, -17, 126, -1, 0, -10, -65, 42, -67, -62, -51, 13, -67, -14, -82, 118, 44, -74, -22, -55, -3, -42, -28, 55, -41, -4, -10, -87, -19, 36, 72, 126, 75, 120, -106, 36, -2, -22, -88, 31, -54, -81, 93, -1, 0, 100, -92, -119, -13, -77, 58, -4, -53, -3, 106, -116, -83, 111, 52, -101, -46, 93, -97, -90, -17, -13, -51, 41, 33, -90, -20, 104, -83, -33, -16, 127, -64, 107, 58, 105, -2, -57, 63, -102, -97, -15, -18, -51, -75, -65, -39, 53, 82, 91, -113, -77, 73, -5, -81, -101, -4, 104, -73, -39, 52, 18, -59, 43, -18, -13, 115, -12, 92, -12, -88, 104, -105, 38, -115, -43, -66, -33, 31, -33, -86, 119, 51, 111, -86, -6, 100, 111, -10, 68, -88, 111, -27, -39, 89, 73, 27, 38, 102, -33, -51, -5, -73, -33, 92, -19, -64, -1, 0, -30, -85, 110, -24, 111, -34, -1, 0, -19, 86, 54, -94, -56, -111, -4, -107, 81, 50, -111, -48, 120, 35, 77, 75, -56, -18, 37, 119, -38, -117, -123, -4, 107, -83, -44, 68, 73, 104, -2, 107, -4, -117, -13, 55, -31, 94, 71, -91, -8, -10, -29, -61, 18, 60, 95, 103, -13, 98, 111, -103, 126, 108, 31, 122, -50, -15, 47, -60, 91, -19, 122, 7, -75, -118, 47, -78, -37, -73, -34, -7, -66, 102, -10, -10, -83, -67, -108, -101, 50, 117, -94, -111, -99, -29, 29, 121, -11, -19, 101, -27, -1, 0, -105, 120, -66, 72, -41, -40, 119, -4, 107, -98, -91, 99, 81, -118, -22, 74, -54, -57, 12, -99, -35, -59, -94, -118, 43, 68, 102, -62, -118, 40, -90, 32, -94, -118, 40, 0, -85, -106, -93, -9, 15, -2, -11, 83, -85, -74, 48, -51, 55, -55, 10, 110, 125, -44, -104, -46, -69, 30, 42, 88, -84, 110, 38, -7, -47, 62, 79, -17, 55, 74, -45, 77, 35, -20, -47, -93, -36, 124, -49, -3, -34, -53, 91, -74, 54, 123, -2, -1, 0, -9, 118, -19, -19, 89, 74, 105, 29, -12, 48, 110, 78, -46, -48, -89, 105, -92, -91, -123, -113, -38, 34, 127, 55, 114, -2, -13, -27, -2, 94, -43, -113, 45, -20, 80, -55, -14, 90, 47, -5, -52, -43, -40, 90, 47, -40, -9, -38, -65, -6, -90, -82, 87, 90, -45, -4, -101, -25, 68, -5, -97, 122, -94, 46, -20, -24, -59, 97, -110, -90, -100, 21, -69, -94, 24, -4, 65, 113, 12, -97, -70, 72, -105, -2, 3, -97, -25, 77, -66, -42, 110, -11, 40, 31, -19, 114, -18, -2, -17, 106, -55, 117, -39, 37, 88, -122, -55, -34, 63, 54, 87, -38, -97, -35, -18, -43, -48, -113, 37, -24, 111, -8, 118, -25, -2, 37, -78, -89, -15, -84, -101, -65, -83, 122, -123, -109, 69, 127, -92, -89, -5, 63, 53, 120, -26, -123, 118, -112, -22, 79, 111, -4, 13, -3, 43, -47, 52, 91, -33, -79, -50, -10, -1, 0, -63, -4, 63, 74, -28, -83, 19, -74, -124, -76, 44, 106, 58, 109, -69, -63, -79, -30, 86, 79, -31, -11, 95, 112, 107, 47, -61, -70, 22, -97, 115, 125, 44, 87, 119, 18, -86, 109, 13, 31, -17, 8, -24, -36, -1, 0, -123, 110, -35, 124, -5, -30, -2, 10, -25, -30, 93, -110, 127, 23, -34, -2, 85, 49, 122, 27, -14, -90, -49, 78, -125, -64, 90, 124, -45, -53, -78, 89, 85, 27, 27, 85, 100, 56, 94, 57, -21, 86, 109, -68, 5, 110, -102, 110, -9, -69, -97, -19, 31, 123, 114, -32, 15, -90, 43, -103, -47, 53, 91, -21, 109, -14, -92, -83, 42, 54, 55, 43, 103, -73, 76, 122, 86, -12, 94, 36, -66, 120, -4, -92, -37, -9, 118, -6, -2, 53, -94, 104, -121, 74, -86, -39, -105, -25, -16, 70, -97, -27, -60, -101, -25, 103, -2, 38, 105, 15, -51, -21, -23, -118, -51, -69, -16, -34, -126, -105, 114, -93, -53, -13, -59, 30, -26, -113, -50, 57, -28, -16, 122, -5, 26, -105, 81, -2, -45, -102, 4, -106, -30, 93, -69, 88, 52, 123, 122, -87, -57, 95, 99, 92, -29, -64, -9, 51, -3, -10, 103, -2, 38, 110, 106, 37, 98, -95, 78, 118, -42, 69, 75, -67, 10, -58, 105, 62, -49, -89, -67, -45, 74, -54, 55, 76, -46, 28, 33, -25, 63, 94, -43, -84, -70, 50, 105, -74, -106, -15, 68, -19, 43, -82, 124, -55, 36, 110, 88, -98, -11, -91, 101, 110, -106, -47, -3, -1, 0, -99, -65, -118, -111, -1, 0, 125, 119, -9, -41, 98, -42, 82, -107, -12, 31, 42, 8, -94, 75, 59, 20, 74, -25, -25, -3, -11, -37, -1, 0, 113, 107, 103, 83, -71, -14, 96, -40, -107, -112, -89, -55, -113, 115, -3, -6, -122, 82, 41, 93, -20, 72, -9, -41, 39, -85, -53, -4, 31, -58, -51, -74, -74, -11, 11, -76, -7, -45, 126, -22, -26, -28, -1, 0, 73, -66, 68, -2, 5, -85, -124, 122, -109, 57, 116, 57, -19, 122, -33, -9, -23, 23, -15, -84, 127, -42, -80, -102, -73, -11, -103, 127, -30, 115, -1, 0, 1, 31, -42, -78, 110, -32, -39, -13, -41, 100, 94, -120, -30, -88, -82, -37, 43, -125, 82, -96, -88, 105, -61, -28, -86, 50, 37, -106, 61, -107, 21, 72, -20, -17, 26, 84, 117, 104, -122, 20, 81, 69, 49, 5, 20, 81, 64, 5, 118, 30, 23, -1, 0, -112, 52, -69, 19, -25, -13, -113, -2, -126, 43, -113, -82, -49, -62, 44, -97, -39, 50, -81, -3, 60, 31, -3, 4, 86, 117, 62, 19, -77, 3, -4, 66, -44, 11, -25, 79, -13, -1, 0, 122, -74, -102, 29, -97, -67, 74, -89, 117, 109, -28, -20, -107, 43, 74, -54, 68, -102, 13, -113, 92, -78, 103, -67, 78, 22, -47, -107, -82, 99, -13, -93, -84, 91, -43, -13, -74, 111, -5, -21, -14, -18, -2, -9, -91, 111, -36, 46, -54, -26, -17, -89, -1, 0, 78, 68, -86, -89, -71, -98, 46, -47, -125, 108, -55, 101, 68, -69, -14, -99, 62, 127, -3, 11, -46, -74, 63, -79, 93, -19, 30, 87, -1, 0, 91, -4, 43, -39, 106, 13, 55, 99, -33, 124, -23, -2, -19, 117, 22, -25, -9, -101, 42, -22, 77, -83, 17, -25, -31, 112, -15, -102, -25, -106, -89, -103, -36, 67, 113, 97, 118, -114, -24, -54, -22, -37, -85, -77, -75, -65, -5, 77, -92, 87, 73, -9, -1, 0, -118, -82, 106, 90, 116, 87, 49, -70, 58, 87, 45, 103, 35, -24, -6, -105, -39, 101, 127, -35, 55, -35, -94, -4, -24, -50, -75, 7, 65, -33, -93, 61, 18, -46, -9, 124, -120, -1, 0, 46, -58, -7, 91, -6, -1, 0, 74, 67, 23, -109, 59, -93, -3, -58, -7, -105, -15, -84, 11, 41, -10, 73, -79, 63, -49, 106, -22, -41, -54, -71, -127, 37, -2, 53, -84, -92, -71, 71, 7, 114, 107, 41, -46, 31, -109, -1, 0, 66, -83, 72, 47, 82, 25, 18, 95, -105, -7, 86, 52, 113, -17, -7, -10, 127, -6, -5, 85, -85, 59, 103, -2, 63, -105, -8, -74, -81, -22, 63, -49, -83, 74, -111, -67, -28, 108, 61, -5, -34, 124, -113, 51, 108, -2, -22, -25, -26, -85, 48, -94, 121, 127, 115, 109, 54, -38, 8, -68, -76, 127, -13, -2, 121, -87, -91, -2, -28, 84, -92, -59, 114, -67, -52, -5, 62, -25, -55, -2, -41, -9, 106, 24, -26, -14, 127, -42, -1, 0, -64, 125, 91, -21, 76, -69, 41, 12, 111, -65, -18, 42, -18, 111, 95, -62, -79, -28, -71, -39, -66, -29, 103, -49, -9, 119, 123, 117, 25, -87, -79, 45, -109, 94, 92, 121, -41, 127, -18, -42, 86, -91, -88, -20, -127, -23, -83, 55, -18, -35, -35, -1, 0, -49, 90, -25, 53, 75, -17, 58, 125, -119, 77, 70, -20, -105, 43, 34, 25, -81, 29, -28, -85, 54, 22, 111, 12, 15, 43, -3, -10, -87, -76, -99, 47, 127, -6, 68, -87, -13, -1, 0, -98, 107, 78, -7, 118, 65, 87, 41, 91, 68, 74, -117, 122, -77, -122, -65, -47, 110, -17, 47, -82, 46, -83, -47, 101, 69, -2, 21, 111, -101, -127, -23, -33, -16, -84, -25, -1, 0, 86, -15, 61, 119, 26, 78, -49, 46, -30, 93, -5, 93, 100, -2, -128, -42, 47, -115, -12, -28, -122, 120, -75, 43, 77, -66, 84, -22, 25, -74, -12, -35, -36, -2, 53, -43, -53, -94, 57, -108, -20, -38, 103, 25, -77, 100, -107, 102, 24, 81, -28, -7, -1, 0, -69, -14, -44, 107, 20, -81, -13, -20, -95, 11, -7, -97, -18, -48, 103, 107, 18, 93, 68, -119, 2, 127, -67, 85, 106, -35, -44, -69, -32, 77, -1, 0, 127, 117, 84, -85, -114, -58, 115, -33, 64, -94, -118, 42, -119, 10, 40, -94, -128, 10, -21, 124, 44, -37, 52, -41, 119, -5, -97, 104, 43, -1, 0, -114, -118, -28, -85, -75, -16, -124, 105, 54, -115, 113, 19, -1, 0, -49, 99, -1, 0, -96, -83, 103, 83, -31, 59, 112, 10, -11, 81, -44, -56, 18, 104, 42, -99, -106, -12, -99, -46, -92, -45, -28, -33, 3, -93, -3, -11, 109, -75, 98, 56, -65, -46, -9, -41, 30, -38, 31, 68, -75, -77, 33, -66, 53, -57, -35, 31, -8, -103, 63, -5, -75, -43, -33, 108, 121, -33, -17, 108, 95, -25, 92, -84, -21, -2, -97, 45, 109, 72, -13, -13, 25, 94, 54, 13, 52, -20, -66, -118, -70, -80, 118, 73, 92, -91, -88, -39, 58, 127, -67, 93, 49, 111, -110, -99, 101, -79, -51, -127, 111, -107, -105, -39, 55, -42, 38, -65, -95, 61, -27, -93, -68, 73, -5, -43, -7, -105, -4, 43, -95, -76, -7, -29, 74, -70, -22, -119, -9, -21, 40, -74, -103, -33, 86, 10, 112, -77, 60, -45, 75, -44, -35, 36, -14, -82, 62, 89, 85, -74, -4, -43, -35, -23, -13, -7, -47, -7, 95, -64, -33, -8, -9, -96, -82, 83, -59, -112, -23, -2, 98, 75, 111, -1, 0, 31, 31, -60, -53, -45, 30, -2, -75, 14, -117, -81, 121, 59, 17, -33, -4, -1, 0, -109, 90, -54, 60, -54, -25, -114, -97, 36, -83, 123, -98, -99, -89, -39, -17, -114, -75, -16, -119, 26, 63, -9, -65, -119, 122, -88, -17, -102, -26, 52, -19, 106, -33, -56, 68, 119, -7, 63, -68, -83, -21, -19, -7, -43, -9, -44, -111, -29, -7, 37, -2, 33, -6, -25, -6, -42, 22, 58, 121, -12, 58, 109, -87, 52, 123, 17, -1, 0, -5, 42, -87, -9, 39, 127, -10, 127, -61, 53, -50, -74, -69, -10, 111, -72, -11, 70, -9, -59, 73, -27, -2, -11, -41, -11, -19, -41, -13, -89, 107, -109, -51, 99, 79, 82, -67, -39, 27, -93, -4, -33, 55, -8, -1, 0, 74, -25, -81, -81, -109, -52, 68, -34, -97, -17, 125, 43, 14, -5, -60, 94, 116, -113, -77, 115, 110, -1, 0, 26, -81, 105, 109, 119, -87, 72, -113, -13, 44, 95, -34, -90, -93, 109, -56, -26, -66, -59, -21, -51, 77, -26, -109, -20, -10, -1, 0, 53, 90, -46, -12, -97, -34, 111, -105, -17, -43, -37, 29, 11, -55, -125, -18, 124, -1, 0, -34, -82, -118, -54, -55, 19, -25, -1, 0, -57, -65, -67, 89, -54, 118, -47, 26, 70, 13, -18, 86, -126, -37, -55, -113, -18, 86, 126, -90, 119, -58, -11, -65, 118, 107, 2, -5, -3, 91, -42, 73, -35, -101, -72, -24, 97, 104, -9, -56, -113, 119, 101, -14, -3, -94, 95, -102, 31, 51, -8, -119, 24, 32, 123, -16, 63, 58, -67, -86, -1, 0, -90, 120, 111, 79, 75, -121, -119, -99, -102, 69, -7, 99, -57, -54, -72, 31, -113, 36, -12, -12, -82, 123, 83, -45, -68, -24, -33, -5, -1, 0, -62, -35, -44, -6, -42, -67, -21, 108, -47, -76, 123, 87, -5, -16, 89, -122, 111, -101, 60, -79, -50, 127, 74, -12, -87, 74, -24, -14, -85, 69, -59, -103, 75, 100, -119, 3, -89, -35, -7, 107, -105, 41, -5, -9, 74, -21, -111, -73, -38, 59, -41, 44, -47, -1, 0, -60, -54, 84, -6, -44, 69, 90, 77, 27, -43, -102, -107, 56, -78, -91, -62, -2, -17, -2, 5, 85, -22, -51, -48, -3, -33, -4, 10, -85, 86, -24, -30, 97, 69, 20, 83, 16, 81, 79, -94, -128, 25, 93, -81, -125, 79, -4, 75, 95, -2, -69, 31, -3, 4, 87, 27, 93, -97, -124, 127, -28, 19, 47, -3, 124, 31, -3, 4, 86, 117, 126, 19, -73, 47, -2, 50, 54, -102, 79, -77, 95, 75, -3, -58, 80, -43, 13, -58, -89, 112, -110, 126, -23, 54, 126, -76, -93, -2, 62, -27, -1, 0, 61, -123, 84, -71, -87, -91, 4, -43, -39, -74, 51, 25, 82, 51, -28, -114, -118, -28, 19, 79, 113, 55, -33, 118, -7, -86, -70, -85, -92, -101, -10, 46, -1, 0, -17, 53, 88, -88, 100, -83, 121, 81, -64, -25, 41, 106, -39, 4, -109, -54, -97, 62, -59, -1, 0, -66, 69, 75, -3, -87, 113, -2, -51, 64, 105, -97, -4, 85, 41, 69, 48, -115, 73, 67, 102, 106, 67, -81, 95, 39, -36, -37, -1, 0, 124, -45, 110, 117, 11, -117, -49, -98, -30, 86, 111, -10, 123, 126, 85, -98, -97, -21, 42, 79, -7, 103, -1, 0, 2, -94, 49, 69, -54, -91, 73, 45, 89, 21, -46, -7, -48, 63, -5, -75, -127, 6, -1, 0, -65, -1, 0, 1, -82, -120, -1, 0, 29, 101, 88, -127, -27, -36, 113, -4, 84, 79, 99, 56, 110, 50, 43, -69, -120, 127, -43, 74, -53, 86, 34, -43, 117, 4, -1, 0, -106, -65, 39, -7, -1, 0, 63, -115, 69, -127, -23, 82, 71, 89, -101, 19, 61, -2, -95, 55, -50, -17, -9, -87, -16, 89, -33, 94, 73, -77, -26, 103, -1, 0, 103, -102, -98, 5, 95, -18, -114, -35, -66, -107, -23, 26, 29, -68, 49, -58, -101, 33, -115, 126, -118, 5, 103, 39, 98, -94, -82, 115, 122, 79, -125, 95, -17, 92, 39, -49, -9, -107, 126, -66, -75, -43, 65, -90, -20, -113, 98, 34, -86, 127, 23, -1, 0, 90, -75, 19, -3, 67, -1, 0, -98, -30, -90, 127, -11, -113, 92, -45, -101, 103, 92, 96, -93, -79, 73, 96, 72, 127, -67, -2, -19, 90, 69, -33, 31, -36, -1, 0, -20, 105, -111, -1, 0, -85, -1, 0, 62, -11, 97, -1, 0, -126, -78, 102, -56, -51, -70, 21, -117, 114, -69, -28, -39, 91, -13, -42, 60, -97, -21, -23, 68, -87, 25, -51, 97, -10, -103, -30, -73, 79, -65, 43, 4, -4, -50, 43, 43, 93, 40, -6, -107, -41, -107, -2, -87, 91, -54, -113, -96, -31, 70, -47, -45, 30, -124, -2, 53, -40, 105, -65, -14, 48, 105, -65, -11, -16, 63, -111, -82, 22, 127, -3, -102, -67, 12, 54, -52, -13, 49, 79, 84, -118, -27, -68, -104, -30, -1, 0, 106, -79, -25, -73, -14, 117, 36, -72, 79, -11, 76, -37, 127, -35, 62, -107, -69, 125, -4, 21, -103, 47, -6, -119, 127, -32, 31, -6, 16, -83, -20, 115, -90, 98, 106, 3, 100, -101, 63, -38, -86, 53, -85, -85, 127, -81, -1, 0, -127, 86, 109, 52, 75, 25, 69, 62, -118, 98, 63, -1, -39]]
2026-06-29 09:57:32 [AWT-EventQueue-0] TRACE bind - binding parameter (2:VARCHAR) <- [Ludmilla]
2026-06-29 09:57:32 [AWT-EventQueue-0] TRACE bind - binding parameter (3:VARCHAR) <- [222]
2026-06-29 10:48:59 [AWT-EventQueue-0] INFO  Util - ----conectando ao banco de dados (pob)
2026-06-29 10:49:03 [AWT-EventQueue-0] WARN  pooling - HHH10001002: Using built-in connection pool (not intended for production use)
2026-06-29 10:49:05 [AWT-EventQueue-0] INFO  Util - -------- conectou banco de dados
2026-06-29 10:49:06 [AWT-EventQueue-0] DEBUG SQL - 
    select
        v1_0.id,
        v1_0.data,
        v1_0.destino,
        v1_0.motorista_cnh,
        v1_0.veiculo_placa 
    from
        viagem20251234567 v1_0
2026-06-29 10:49:06 [AWT-EventQueue-0] DEBUG SQL - 
    select
        v1_0.placa,
        v1_0.capacidade,
        lv1_0.veiculo_placa,
        lv1_0.id,
        lv1_0.data,
        lv1_0.destino,
        lv1_0.motorista_cnh 
    from
        veiculo20251234567 v1_0 
    left join
        viagem20251234567 lv1_0 
            on v1_0.placa=lv1_0.veiculo_placa 
    where
        v1_0.placa=?
2026-06-29 10:49:06 [AWT-EventQueue-0] TRACE bind - binding parameter (1:VARCHAR) <- [CDE-1234]
2026-06-29 10:49:06 [AWT-EventQueue-0] DEBUG SQL - 
    select
        v1_0.placa,
        v1_0.capacidade,
        lv1_0.veiculo_placa,
        lv1_0.id,
        lv1_0.data,
        lv1_0.destino,
        lv1_0.motorista_cnh 
    from
        veiculo20251234567 v1_0 
    left join
        viagem20251234567 lv1_0 
            on v1_0.placa=lv1_0.veiculo_placa 
    where
        v1_0.placa=?
2026-06-29 10:49:06 [AWT-EventQueue-0] TRACE bind - binding parameter (1:VARCHAR) <- [ABC-1234]
2026-06-29 10:49:06 [AWT-EventQueue-0] DEBUG SQL - 
    select
        v1_0.placa,
        v1_0.capacidade,
        lv1_0.veiculo_placa,
        lv1_0.id,
        lv1_0.data,
        lv1_0.destino,
        lv1_0.motorista_cnh 
    from
        veiculo20251234567 v1_0 
    left join
        viagem20251234567 lv1_0 
            on v1_0.placa=lv1_0.veiculo_placa 
    where
        v1_0.placa=?
2026-06-29 10:49:06 [AWT-EventQueue-0] TRACE bind - binding parameter (1:VARCHAR) <- [FGH-1234]
2026-06-29 10:49:06 [AWT-EventQueue-0] DEBUG SQL - 
    select
        v1_0.placa,
        v1_0.capacidade,
        lv1_0.veiculo_placa,
        lv1_0.id,
        lv1_0.data,
        lv1_0.destino,
        lv1_0.motorista_cnh 
    from
        veiculo20251234567 v1_0 
    left join
        viagem20251234567 lv1_0 
            on v1_0.placa=lv1_0.veiculo_placa 
    where
        v1_0.placa=?
2026-06-29 10:49:06 [AWT-EventQueue-0] TRACE bind - binding parameter (1:VARCHAR) <- [ABC-1233]
2026-06-29 10:49:06 [AWT-EventQueue-0] INFO  Util - -------- desconectou banco de dados
2026-06-29 10:49:07 [AWT-EventQueue-0] INFO  Util - ----conectando ao banco de dados (pob)
2026-06-29 10:49:07 [AWT-EventQueue-0] WARN  pooling - HHH10001002: Using built-in connection pool (not intended for production use)
2026-06-29 10:49:08 [AWT-EventQueue-0] INFO  Util - -------- conectou banco de dados
2026-06-29 10:49:08 [AWT-EventQueue-0] DEBUG SQL - 
    select
        v1_0.id,
        v1_0.data,
        v1_0.destino,
        m1_0.cnh,
        m1_0.foto,
        m1_0.nome,
        v1_0.veiculo_placa 
    from
        viagem20251234567 v1_0 
    join
        motorista20251234567 m1_0 
            on m1_0.cnh=v1_0.motorista_cnh 
    where
        v1_0.id=?
2026-06-29 10:49:08 [AWT-EventQueue-0] TRACE bind - binding parameter (1:INTEGER) <- [5]
2026-06-29 10:49:08 [AWT-EventQueue-0] DEBUG SQL - 
    select
        v1_0.placa,
        v1_0.capacidade,
        lv1_0.veiculo_placa,
        lv1_0.id,
        lv1_0.data,
        lv1_0.destino,
        lv1_0.motorista_cnh 
    from
        veiculo20251234567 v1_0 
    left join
        viagem20251234567 lv1_0 
            on v1_0.placa=lv1_0.veiculo_placa 
    where
        v1_0.placa=?
2026-06-29 10:49:08 [AWT-EventQueue-0] TRACE bind - binding parameter (1:VARCHAR) <- [ABC-1234]
2026-06-29 10:49:08 [AWT-EventQueue-0] DEBUG SQL - 
    select
        lv1_0.motorista_cnh,
        lv1_0.id,
        lv1_0.data,
        lv1_0.destino,
        v1_0.placa,
        v1_0.capacidade 
    from
        viagem20251234567 lv1_0 
    left join
        veiculo20251234567 v1_0 
            on v1_0.placa=lv1_0.veiculo_placa 
    where
        lv1_0.motorista_cnh=?
2026-06-29 10:49:08 [AWT-EventQueue-0] TRACE bind - binding parameter (1:VARCHAR) <- [333]
2026-06-29 10:49:08 [AWT-EventQueue-0] DEBUG SQL - 
    select
        lv1_0.veiculo_placa,
        lv1_0.id,
        lv1_0.data,
        lv1_0.destino,
        lv1_0.motorista_cnh 
    from
        viagem20251234567 lv1_0 
    where
        lv1_0.veiculo_placa=?
2026-06-29 10:49:08 [AWT-EventQueue-0] TRACE bind - binding parameter (1:VARCHAR) <- [FGH-1234]
2026-06-29 10:49:08 [AWT-EventQueue-0] DEBUG SQL - 
    select
        lv1_0.veiculo_placa,
        lv1_0.id,
        lv1_0.data,
        lv1_0.destino,
        lv1_0.motorista_cnh 
    from
        viagem20251234567 lv1_0 
    where
        lv1_0.veiculo_placa=?
2026-06-29 10:49:08 [AWT-EventQueue-0] TRACE bind - binding parameter (1:VARCHAR) <- [ABC-1233]
2026-06-29 10:49:08 [AWT-EventQueue-0] DEBUG SQL - 
    select
        lv1_0.veiculo_placa,
        lv1_0.id,
        lv1_0.data,
        lv1_0.destino,
        lv1_0.motorista_cnh 
    from
        viagem20251234567 lv1_0 
    where
        lv1_0.veiculo_placa=?
2026-06-29 10:49:08 [AWT-EventQueue-0] TRACE bind - binding parameter (1:VARCHAR) <- [CDE-1234]
2026-06-29 10:49:08 [AWT-EventQueue-0] INFO  Util - -------- desconectou banco de dados
2026-06-29 10:49:08 [AWT-EventQueue-0] INFO  Util - ----conectando ao banco de dados (pob)
2026-06-29 10:49:08 [AWT-EventQueue-0] WARN  pooling - HHH10001002: Using built-in connection pool (not intended for production use)
2026-06-29 10:49:09 [AWT-EventQueue-0] INFO  Util - -------- conectou banco de dados
2026-06-29 10:49:09 [AWT-EventQueue-0] DEBUG SQL - 
    select
        v1_0.id,
        v1_0.data,
        v1_0.destino,
        m1_0.cnh,
        m1_0.foto,
        m1_0.nome,
        v1_0.veiculo_placa 
    from
        viagem20251234567 v1_0 
    join
        motorista20251234567 m1_0 
            on m1_0.cnh=v1_0.motorista_cnh 
    where
        v1_0.id=?
2026-06-29 10:49:09 [AWT-EventQueue-0] TRACE bind - binding parameter (1:INTEGER) <- [5]
2026-06-29 10:49:09 [AWT-EventQueue-0] DEBUG SQL - 
    select
        v1_0.placa,
        v1_0.capacidade,
        lv1_0.veiculo_placa,
        lv1_0.id,
        lv1_0.data,
        lv1_0.destino,
        lv1_0.motorista_cnh 
    from
        veiculo20251234567 v1_0 
    left join
        viagem20251234567 lv1_0 
            on v1_0.placa=lv1_0.veiculo_placa 
    where
        v1_0.placa=?
2026-06-29 10:49:09 [AWT-EventQueue-0] TRACE bind - binding parameter (1:VARCHAR) <- [ABC-1234]
2026-06-29 10:49:09 [AWT-EventQueue-0] DEBUG SQL - 
    select
        lv1_0.motorista_cnh,
        lv1_0.id,
        lv1_0.data,
        lv1_0.destino,
        v1_0.placa,
        v1_0.capacidade 
    from
        viagem20251234567 lv1_0 
    left join
        veiculo20251234567 v1_0 
            on v1_0.placa=lv1_0.veiculo_placa 
    where
        lv1_0.motorista_cnh=?
2026-06-29 10:49:09 [AWT-EventQueue-0] TRACE bind - binding parameter (1:VARCHAR) <- [333]
2026-06-29 10:49:09 [AWT-EventQueue-0] DEBUG SQL - 
    select
        lv1_0.veiculo_placa,
        lv1_0.id,
        lv1_0.data,
        lv1_0.destino,
        lv1_0.motorista_cnh 
    from
        viagem20251234567 lv1_0 
    where
        lv1_0.veiculo_placa=?
2026-06-29 10:49:09 [AWT-EventQueue-0] TRACE bind - binding parameter (1:VARCHAR) <- [FGH-1234]
2026-06-29 10:49:09 [AWT-EventQueue-0] DEBUG SQL - 
    select
        lv1_0.veiculo_placa,
        lv1_0.id,
        lv1_0.data,
        lv1_0.destino,
        lv1_0.motorista_cnh 
    from
        viagem20251234567 lv1_0 
    where
        lv1_0.veiculo_placa=?
2026-06-29 10:49:09 [AWT-EventQueue-0] TRACE bind - binding parameter (1:VARCHAR) <- [ABC-1233]
2026-06-29 10:49:09 [AWT-EventQueue-0] DEBUG SQL - 
    select
        lv1_0.veiculo_placa,
        lv1_0.id,
        lv1_0.data,
        lv1_0.destino,
        lv1_0.motorista_cnh 
    from
        viagem20251234567 lv1_0 
    where
        lv1_0.veiculo_placa=?
2026-06-29 10:49:09 [AWT-EventQueue-0] TRACE bind - binding parameter (1:VARCHAR) <- [CDE-1234]
2026-06-29 10:49:09 [AWT-EventQueue-0] INFO  Util - -------- desconectou banco de dados
2026-06-29 10:50:38 [AWT-EventQueue-0] INFO  Util - ----conectando ao banco de dados (pob)
2026-06-29 10:50:38 [AWT-EventQueue-0] WARN  pooling - HHH10001002: Using built-in connection pool (not intended for production use)
2026-06-29 10:50:40 [AWT-EventQueue-0] INFO  Util - -------- conectou banco de dados
2026-06-29 10:50:40 [AWT-EventQueue-0] DEBUG SQL - 
    select
        v1_0.id,
        v1_0.data,
        v1_0.destino,
        v1_0.motorista_cnh,
        v1_0.veiculo_placa 
    from
        viagem20251234567 v1_0
2026-06-29 10:50:41 [AWT-EventQueue-0] DEBUG SQL - 
    select
        v1_0.placa,
        v1_0.capacidade,
        lv1_0.veiculo_placa,
        lv1_0.id,
        lv1_0.data,
        lv1_0.destino,
        lv1_0.motorista_cnh 
    from
        veiculo20251234567 v1_0 
    left join
        viagem20251234567 lv1_0 
            on v1_0.placa=lv1_0.veiculo_placa 
    where
        v1_0.placa=?
2026-06-29 10:50:41 [AWT-EventQueue-0] TRACE bind - binding parameter (1:VARCHAR) <- [CDE-1234]
2026-06-29 10:50:41 [AWT-EventQueue-0] DEBUG SQL - 
    select
        v1_0.placa,
        v1_0.capacidade,
        lv1_0.veiculo_placa,
        lv1_0.id,
        lv1_0.data,
        lv1_0.destino,
        lv1_0.motorista_cnh 
    from
        veiculo20251234567 v1_0 
    left join
        viagem20251234567 lv1_0 
            on v1_0.placa=lv1_0.veiculo_placa 
    where
        v1_0.placa=?
2026-06-29 10:50:41 [AWT-EventQueue-0] TRACE bind - binding parameter (1:VARCHAR) <- [ABC-1234]
2026-06-29 10:50:41 [AWT-EventQueue-0] DEBUG SQL - 
    select
        v1_0.placa,
        v1_0.capacidade,
        lv1_0.veiculo_placa,
        lv1_0.id,
        lv1_0.data,
        lv1_0.destino,
        lv1_0.motorista_cnh 
    from
        veiculo20251234567 v1_0 
    left join
        viagem20251234567 lv1_0 
            on v1_0.placa=lv1_0.veiculo_placa 
    where
        v1_0.placa=?
2026-06-29 10:50:41 [AWT-EventQueue-0] TRACE bind - binding parameter (1:VARCHAR) <- [FGH-1234]
2026-06-29 10:50:41 [AWT-EventQueue-0] DEBUG SQL - 
    select
        v1_0.placa,
        v1_0.capacidade,
        lv1_0.veiculo_placa,
        lv1_0.id,
        lv1_0.data,
        lv1_0.destino,
        lv1_0.motorista_cnh 
    from
        veiculo20251234567 v1_0 
    left join
        viagem20251234567 lv1_0 
            on v1_0.placa=lv1_0.veiculo_placa 
    where
        v1_0.placa=?
2026-06-29 10:50:41 [AWT-EventQueue-0] TRACE bind - binding parameter (1:VARCHAR) <- [ABC-1233]
2026-06-29 10:50:41 [AWT-EventQueue-0] INFO  Util - -------- desconectou banco de dados
2026-06-29 14:15:54 [AWT-EventQueue-0] INFO  Util - ----conectando ao banco de dados (pob)
2026-06-29 14:15:55 [AWT-EventQueue-0] WARN  pooling - HHH10001002: Using built-in connection pool (not intended for production use)
2026-06-29 14:16:02 [AWT-EventQueue-0] DEBUG SQL - 
    create table motorista20251234567 (
        cnh varchar(255) not null,
        foto bytea,
        nome varchar(255),
        primary key (cnh)
    )
2026-06-29 14:16:03 [AWT-EventQueue-0] DEBUG SQL - 
    create table Usuario (
        nome varchar(255) not null,
        senha varchar(255),
        primary key (nome)
    )
2026-06-29 14:16:03 [AWT-EventQueue-0] DEBUG SQL - 
    create table veiculo20251234567 (
        placa varchar(255) not null,
        capacidade integer not null,
        primary key (placa)
    )
2026-06-29 14:16:03 [AWT-EventQueue-0] DEBUG SQL - 
    create table viagem20251234567 (
        id integer generated by default as identity,
        data date,
        destino varchar(255),
        motorista_cnh varchar(255),
        veiculo_placa varchar(255),
        primary key (id)
    )
2026-06-29 14:16:03 [AWT-EventQueue-0] DEBUG SQL - 
    create table viagem_passageiros20251234567 (
        Viagem_id integer not null,
        nomePas varchar(255)
    )
2026-06-29 14:16:03 [AWT-EventQueue-0] DEBUG SQL - 
    alter table if exists viagem20251234567 
       add constraint FK1ggrohw1go4iiev34in330ss 
       foreign key (motorista_cnh) 
       references motorista20251234567
2026-06-29 14:16:03 [AWT-EventQueue-0] DEBUG SQL - 
    alter table if exists viagem20251234567 
       add constraint FK55tsxues832yrx9s7hg77cgit 
       foreign key (veiculo_placa) 
       references veiculo20251234567
2026-06-29 14:16:04 [AWT-EventQueue-0] DEBUG SQL - 
    alter table if exists viagem_passageiros20251234567 
       add constraint FK5kq8va718rto9hmskn6lnjxrx 
       foreign key (Viagem_id) 
       references viagem20251234567
2026-06-29 14:16:04 [AWT-EventQueue-0] INFO  Util - -------- conectou banco de dados
2026-06-29 14:16:04 [AWT-EventQueue-0] DEBUG SQL - 
    select
        v1_0.placa,
        v1_0.capacidade 
    from
        veiculo20251234567 v1_0
2026-06-29 14:16:04 [AWT-EventQueue-0] INFO  Util - -------- desconectou banco de dados
2026-06-29 14:16:04 [AWT-EventQueue-0] INFO  Util - ----conectando ao banco de dados (pob)
2026-06-29 14:16:04 [AWT-EventQueue-0] WARN  pooling - HHH10001002: Using built-in connection pool (not intended for production use)
2026-06-29 14:16:08 [AWT-EventQueue-0] INFO  Util - -------- conectou banco de dados
2026-06-29 14:16:08 [AWT-EventQueue-0] DEBUG SQL - 
    select
        v1_0.placa,
        v1_0.capacidade 
    from
        veiculo20251234567 v1_0
2026-06-29 14:16:08 [AWT-EventQueue-0] INFO  Util - -------- desconectou banco de dados
2026-06-29 14:16:10 [AWT-EventQueue-0] INFO  Util - ----conectando ao banco de dados (pob)
2026-06-29 14:16:10 [AWT-EventQueue-0] WARN  pooling - HHH10001002: Using built-in connection pool (not intended for production use)
2026-06-29 14:16:14 [AWT-EventQueue-0] INFO  Util - -------- conectou banco de dados
2026-06-29 14:16:14 [AWT-EventQueue-0] DEBUG SQL - 
    select
        m1_0.cnh,
        m1_0.foto,
        m1_0.nome 
    from
        motorista20251234567 m1_0 
    order by
        m1_0.nome
2026-06-29 14:16:14 [AWT-EventQueue-0] INFO  Util - -------- desconectou banco de dados
2026-06-29 14:16:14 [AWT-EventQueue-0] INFO  Util - ----conectando ao banco de dados (pob)
2026-06-29 14:16:14 [AWT-EventQueue-0] WARN  pooling - HHH10001002: Using built-in connection pool (not intended for production use)
2026-06-29 14:16:18 [AWT-EventQueue-0] INFO  Util - -------- conectou banco de dados
2026-06-29 14:16:18 [AWT-EventQueue-0] DEBUG SQL - 
    select
        m1_0.cnh,
        m1_0.foto,
        m1_0.nome 
    from
        motorista20251234567 m1_0 
    order by
        m1_0.nome
2026-06-29 14:16:18 [AWT-EventQueue-0] INFO  Util - -------- desconectou banco de dados
2026-06-29 14:16:18 [AWT-EventQueue-0] INFO  Util - ----conectando ao banco de dados (pob)
2026-06-29 14:16:18 [AWT-EventQueue-0] WARN  pooling - HHH10001002: Using built-in connection pool (not intended for production use)
2026-06-29 14:16:21 [AWT-EventQueue-0] INFO  Util - -------- conectou banco de dados
2026-06-29 14:16:21 [AWT-EventQueue-0] DEBUG SQL - 
    select
        m1_0.cnh,
        m1_0.foto,
        m1_0.nome 
    from
        motorista20251234567 m1_0 
    order by
        m1_0.nome
2026-06-29 14:16:21 [AWT-EventQueue-0] INFO  Util - -------- desconectou banco de dados
2026-06-29 14:16:21 [AWT-EventQueue-0] INFO  Util - ----conectando ao banco de dados (pob)
2026-06-29 14:16:21 [AWT-EventQueue-0] WARN  pooling - HHH10001002: Using built-in connection pool (not intended for production use)
2026-06-29 14:16:25 [AWT-EventQueue-0] INFO  Util - -------- conectou banco de dados
2026-06-29 14:16:25 [AWT-EventQueue-0] DEBUG SQL - 
    select
        m1_0.cnh,
        m1_0.foto,
        m1_0.nome 
    from
        motorista20251234567 m1_0 
    order by
        m1_0.nome
2026-06-29 14:16:25 [AWT-EventQueue-0] INFO  Util - -------- desconectou banco de dados
2026-06-29 14:16:25 [AWT-EventQueue-0] INFO  Util - ----conectando ao banco de dados (pob)
2026-06-29 14:16:25 [AWT-EventQueue-0] WARN  pooling - HHH10001002: Using built-in connection pool (not intended for production use)
2026-06-29 14:16:30 [AWT-EventQueue-0] INFO  Util - -------- conectou banco de dados
2026-06-29 14:16:30 [AWT-EventQueue-0] DEBUG SQL - 
    select
        m1_0.cnh,
        m1_0.foto,
        lv1_0.motorista_cnh,
        lv1_0.id,
        lv1_0.data,
        lv1_0.destino,
        lv1_0.veiculo_placa,
        m1_0.nome 
    from
        motorista20251234567 m1_0 
    left join
        viagem20251234567 lv1_0 
            on m1_0.cnh=lv1_0.motorista_cnh 
    where
        m1_0.cnh=?
2026-06-29 14:16:30 [AWT-EventQueue-0] TRACE bind - binding parameter (1:VARCHAR) <- []
2026-06-29 14:16:30 [AWT-EventQueue-0] INFO  Util - -------- desconectou banco de dados
2026-06-29 14:17:12 [AWT-EventQueue-0] INFO  Util - ----conectando ao banco de dados (pob)
2026-06-29 14:17:12 [AWT-EventQueue-0] WARN  pooling - HHH10001002: Using built-in connection pool (not intended for production use)
2026-06-29 14:17:17 [AWT-EventQueue-0] INFO  Util - -------- conectou banco de dados
2026-06-29 14:17:17 [AWT-EventQueue-0] DEBUG SQL - 
    select
        m1_0.cnh,
        m1_0.foto,
        m1_0.nome 
    from
        motorista20251234567 m1_0 
    order by
        m1_0.nome
2026-06-29 14:17:17 [AWT-EventQueue-0] INFO  Util - -------- desconectou banco de dados
2026-06-29 14:17:31 [AWT-EventQueue-0] INFO  Util - ----conectando ao banco de dados (pob)
2026-06-29 14:17:31 [AWT-EventQueue-0] WARN  pooling - HHH10001002: Using built-in connection pool (not intended for production use)
2026-06-29 14:17:37 [AWT-EventQueue-0] INFO  Util - -------- conectou banco de dados
2026-06-29 14:17:37 [AWT-EventQueue-0] DEBUG SQL - 
    select
        v1_0.placa,
        v1_0.capacidade 
    from
        veiculo20251234567 v1_0
2026-06-29 14:17:38 [AWT-EventQueue-0] INFO  Util - -------- desconectou banco de dados
2026-06-29 14:17:38 [AWT-EventQueue-0] INFO  Util - ----conectando ao banco de dados (pob)
2026-06-29 14:17:38 [AWT-EventQueue-0] WARN  pooling - HHH10001002: Using built-in connection pool (not intended for production use)
2026-06-29 14:17:42 [AWT-EventQueue-0] INFO  Util - -------- conectou banco de dados
2026-06-29 14:17:42 [AWT-EventQueue-0] DEBUG SQL - 
    select
        v1_0.placa,
        v1_0.capacidade 
    from
        veiculo20251234567 v1_0
2026-06-29 14:17:42 [AWT-EventQueue-0] INFO  Util - -------- desconectou banco de dados
2026-06-29 14:54:55 [AWT-EventQueue-0] INFO  Util - ----conectando ao banco de dados (pob)
2026-06-29 14:54:57 [AWT-EventQueue-0] WARN  pooling - HHH10001002: Using built-in connection pool (not intended for production use)
2026-06-29 14:55:09 [AWT-EventQueue-0] INFO  Util - -------- conectou banco de dados
2026-06-29 14:55:09 [AWT-EventQueue-0] DEBUG SQL - 
    select
        m1_0.cnh,
        m1_0.foto,
        m1_0.nome 
    from
        motorista20251234567 m1_0 
    order by
        m1_0.nome
2026-06-29 14:55:10 [AWT-EventQueue-0] INFO  Util - -------- desconectou banco de dados
2026-06-29 14:55:14 [AWT-EventQueue-0] INFO  Util - ----conectando ao banco de dados (pob)
2026-06-29 14:55:14 [AWT-EventQueue-0] WARN  pooling - HHH10001002: Using built-in connection pool (not intended for production use)
2026-06-29 14:55:19 [AWT-EventQueue-0] INFO  Util - -------- conectou banco de dados
2026-06-29 14:55:19 [AWT-EventQueue-0] DEBUG SQL - 
    select
        v1_0.placa,
        v1_0.capacidade 
    from
        veiculo20251234567 v1_0
2026-06-29 14:55:20 [AWT-EventQueue-0] INFO  Util - -------- desconectou banco de dados
2026-06-29 14:55:43 [AWT-EventQueue-0] INFO  Util - ----conectando ao banco de dados (pob)
2026-06-29 14:55:43 [AWT-EventQueue-0] WARN  pooling - HHH10001002: Using built-in connection pool (not intended for production use)
2026-06-29 14:55:53 [AWT-EventQueue-0] INFO  Util - -------- conectou banco de dados
2026-06-29 14:55:53 [AWT-EventQueue-0] DEBUG SQL - 
    select
        v1_0.placa,
        v1_0.capacidade 
    from
        veiculo20251234567 v1_0
2026-06-29 14:55:53 [AWT-EventQueue-0] INFO  Util - -------- desconectou banco de dados
2026-06-29 14:57:08 [AWT-EventQueue-0] INFO  Util - ----conectando ao banco de dados (pob)
2026-06-29 14:57:11 [AWT-EventQueue-0] WARN  pooling - HHH10001002: Using built-in connection pool (not intended for production use)
2026-06-29 14:57:22 [AWT-EventQueue-0] INFO  Util - -------- conectou banco de dados
2026-06-29 14:57:23 [AWT-EventQueue-0] DEBUG SQL - 
    select
        m1_0.cnh,
        m1_0.foto,
        m1_0.nome 
    from
        motorista20251234567 m1_0 
    order by
        m1_0.nome
2026-06-29 14:57:23 [AWT-EventQueue-0] INFO  Util - -------- desconectou banco de dados
2026-06-29 14:57:37 [AWT-EventQueue-0] INFO  Util - ----conectando ao banco de dados (pob)
2026-06-29 14:57:37 [AWT-EventQueue-0] WARN  pooling - HHH10001002: Using built-in connection pool (not intended for production use)
2026-06-29 14:57:43 [AWT-EventQueue-0] INFO  Util - -------- conectou banco de dados
2026-06-29 14:57:43 [AWT-EventQueue-0] DEBUG SQL - 
    select
        m1_0.cnh,
        m1_0.foto,
        lv1_0.motorista_cnh,
        lv1_0.id,
        lv1_0.data,
        lv1_0.destino,
        lv1_0.veiculo_placa,
        m1_0.nome 
    from
        motorista20251234567 m1_0 
    left join
        viagem20251234567 lv1_0 
            on m1_0.cnh=lv1_0.motorista_cnh 
    where
        m1_0.cnh=?
2026-06-29 14:57:43 [AWT-EventQueue-0] TRACE bind - binding parameter (1:VARCHAR) <- [123]
2026-06-29 14:57:44 [AWT-EventQueue-0] INFO  Util - -------- desconectou banco de dados
2026-06-29 14:57:44 [AWT-EventQueue-0] INFO  Util - ----conectando ao banco de dados (pob)
2026-06-29 14:57:44 [AWT-EventQueue-0] WARN  pooling - HHH10001002: Using built-in connection pool (not intended for production use)
2026-06-29 14:57:51 [AWT-EventQueue-0] INFO  Util - -------- conectou banco de dados
2026-06-29 14:57:51 [AWT-EventQueue-0] DEBUG SQL - 
    select
        m1_0.cnh,
        m1_0.foto,
        lv1_0.motorista_cnh,
        lv1_0.id,
        lv1_0.data,
        lv1_0.destino,
        lv1_0.veiculo_placa,
        m1_0.nome 
    from
        motorista20251234567 m1_0 
    left join
        viagem20251234567 lv1_0 
            on m1_0.cnh=lv1_0.motorista_cnh 
    where
        m1_0.cnh=?
2026-06-29 14:57:51 [AWT-EventQueue-0] TRACE bind - binding parameter (1:VARCHAR) <- [123]
2026-06-29 14:57:51 [AWT-EventQueue-0] DEBUG SQL - 
    insert 
    into
        motorista20251234567
        (foto, nome, cnh) 
    values
        (?, ?, ?)
2026-06-29 14:57:51 [AWT-EventQueue-0] TRACE bind - binding parameter (1:VARBINARY) <- [null]
2026-06-29 14:57:51 [AWT-EventQueue-0] TRACE bind - binding parameter (2:VARCHAR) <- [Ludmilla]
2026-06-29 14:57:51 [AWT-EventQueue-0] TRACE bind - binding parameter (3:VARCHAR) <- [123]
2026-06-29 14:57:52 [AWT-EventQueue-0] INFO  Util - -------- desconectou banco de dados
2026-06-29 14:57:58 [AWT-EventQueue-0] INFO  Util - ----conectando ao banco de dados (pob)
2026-06-29 14:57:58 [AWT-EventQueue-0] WARN  pooling - HHH10001002: Using built-in connection pool (not intended for production use)
2026-06-29 14:58:04 [AWT-EventQueue-0] INFO  Util - -------- conectou banco de dados
2026-06-29 14:58:04 [AWT-EventQueue-0] DEBUG SQL - 
    select
        m1_0.cnh,
        m1_0.foto,
        m1_0.nome 
    from
        motorista20251234567 m1_0 
    order by
        m1_0.nome
2026-06-29 14:58:04 [AWT-EventQueue-0] DEBUG SQL - 
    select
        lv1_0.motorista_cnh,
        lv1_0.id,
        lv1_0.data,
        lv1_0.destino,
        v1_0.placa,
        v1_0.capacidade 
    from
        viagem20251234567 lv1_0 
    left join
        veiculo20251234567 v1_0 
            on v1_0.placa=lv1_0.veiculo_placa 
    where
        lv1_0.motorista_cnh=?
2026-06-29 14:58:04 [AWT-EventQueue-0] TRACE bind - binding parameter (1:VARCHAR) <- [123]
2026-06-29 14:58:04 [AWT-EventQueue-0] INFO  Util - -------- desconectou banco de dados
